TN:
SF:src/global/components/ActivityIndicator/index.tsx
FN:9,ActivityIndicator
FNF:1
FNH:0
FNDA:0,ActivityIndicator
DA:10,0
DA:12,0
LF:2
LH:0
BRDA:17,0,0,0
BRDA:17,0,1,0
BRF:2
BRH:0
end_of_record
TN:
SF:src/global/components/Button/index.tsx
FN:12,Button
FNF:1
FNH:1
FNDA:4,Button
DA:13,4
LF:1
LH:1
BRDA:12,0,0,0
BRF:1
BRH:0
end_of_record
TN:
SF:src/global/components/CardInfo/index.tsx
FN:25,CardInfo
FNF:1
FNH:0
FNDA:0,CardInfo
DA:26,0
LF:1
LH:0
BRF:0
BRH:0
end_of_record
TN:
SF:src/global/components/CategorySelectButton/index.tsx
FN:9,CategorySelectButton
FNF:1
FNH:1
FNDA:2,CategorySelectButton
DA:10,2
LF:1
LH:1
BRDA:9,0,0,0
BRF:1
BRH:0
end_of_record
TN:
SF:src/global/components/Header/index.tsx
FN:13,Header
FNF:1
FNH:1
FNDA:4,Header
DA:20,4
LF:1
LH:1
BRDA:14,0,0,2
BRDA:15,1,0,2
BRDA:16,2,0,2
BRDA:18,3,0,2
BRF:4
BRH:4
end_of_record
TN:
SF:src/global/components/SocialButton/index.tsx
FN:12,SocialButton
FNF:1
FNH:0
FNDA:0,SocialButton
DA:13,0
LF:1
LH:0
BRF:0
BRH:0
end_of_record
TN:
SF:src/global/components/TextInput/index.tsx
FN:11,TextInput
FNF:1
FNH:1
FNDA:5,TextInput
DA:12,5
LF:1
LH:1
BRDA:11,0,0,4
BRDA:16,1,0,5
BRDA:16,1,1,0
BRF:3
BRH:2
end_of_record
TN:
SF:src/global/components/ToggleTheme/index.tsx
FN:5,ToggleTheme
FNF:1
FNH:0
FNDA:0,ToggleTheme
DA:6,0
DA:8,0
LF:2
LH:0
BRDA:11,0,0,0
BRDA:11,0,1,0
BRF:2
BRH:0
end_of_record
TN:
SF:src/global/components/TransactionDetail/index.tsx
FN:19,TransactionDetail
FN:23,(anonymous_1)
FNF:2
FNH:0
FNDA:0,TransactionDetail
FNDA:0,(anonymous_1)
DA:22,0
DA:23,0
DA:26,0
LF:3
LH:0
BRDA:30,0,0,0
BRDA:30,0,1,0
BRF:2
BRH:0
end_of_record
TN:
SF:src/global/components/TransactionTypeButton/index.tsx
FN:12,TransactionTypeButton
FNF:1
FNH:1
FNDA:4,TransactionTypeButton
DA:19,4
LF:1
LH:1
BRDA:13,0,0,0
BRDA:14,1,0,0
BRF:2
BRH:0
end_of_record
TN:
SF:src/hooks/useAppTheme.tsx
FN:20,AppThemeProvider
FN:25,toggleTheme
FN:40,useAppTheme
FN:44,AppTheme
FNF:4
FNH:0
FNDA:0,AppThemeProvider
FNDA:0,toggleTheme
FNDA:0,useAppTheme
FNDA:0,AppTheme
DA:18,0
DA:21,0
DA:26,0
DA:31,0
DA:41,0
DA:45,0
DA:46,0
LF:7
LH:0
BRDA:26,0,0,0
BRDA:26,0,1,0
BRF:2
BRH:0
end_of_record
TN:
SF:src/hooks/useAuth.tsx
FN:36,AuthProvider
FN:39,signInWithGoogle
FN:68,signInWithApple
FN:72,signOut
FN:77,(anonymous_4)
FN:78,(anonymous_5)
FN:96,useAuth
FNF:7
FNH:5
FNDA:6,AuthProvider
FNDA:2,signInWithGoogle
FNDA:0,signInWithApple
FNDA:0,signOut
FNDA:2,(anonymous_4)
FNDA:2,(anonymous_5)
FNDA:5,useAuth
DA:30,1
DA:32,1
DA:33,1
DA:34,1
DA:37,6
DA:40,2
DA:41,2
DA:45,2
DA:49,2
DA:50,1
DA:51,1
DA:52,1
DA:58,1
DA:59,1
DA:63,0
DA:64,0
DA:69,0
DA:73,0
DA:74,0
DA:77,6
DA:78,2
DA:79,2
DA:80,2
DA:81,1
DA:83,2
DA:87,6
DA:97,5
LF:27
LH:22
BRDA:49,0,0,1
BRDA:49,0,1,1
BRDA:80,1,0,1
BRDA:80,1,1,1
BRF:4
BRH:4
end_of_record
TN:
SF:src/hooks/useTransaction.tsx
FN:65,TransactionProvider
FN:76,saveTransaction
FN:80,loadingGraphic
FN:85,(anonymous_3)
FN:91,(anonymous_4)
FN:95,(anonymous_5)
FN:98,(anonymous_6)
FN:99,(anonymous_7)
FN:117,getLastTransaction
FN:133,(anonymous_9)
FN:144,(anonymous_10)
FN:155,(anonymous_11)
FN:156,(anonymous_12)
FN:163,loadingTransactions
FN:171,(anonymous_14)
FN:201,previousDate
FN:202,(anonymous_16)
FN:205,nextDate
FN:206,(anonymous_18)
FN:209,(anonymous_19)
FN:211,(anonymous_20)
FN:214,(anonymous_21)
FN:219,(anonymous_22)
FN:220,(anonymous_23)
FN:250,useTransaction
FNF:25
FNH:1
FNDA:0,TransactionProvider
FNDA:0,saveTransaction
FNDA:0,loadingGraphic
FNDA:0,(anonymous_3)
FNDA:0,(anonymous_4)
FNDA:0,(anonymous_5)
FNDA:0,(anonymous_6)
FNDA:0,(anonymous_7)
FNDA:0,getLastTransaction
FNDA:0,(anonymous_9)
FNDA:0,(anonymous_10)
FNDA:0,(anonymous_11)
FNDA:0,(anonymous_12)
FNDA:0,loadingTransactions
FNDA:0,(anonymous_14)
FNDA:0,previousDate
FNDA:0,(anonymous_16)
FNDA:0,nextDate
FNDA:0,(anonymous_18)
FNDA:0,(anonymous_19)
FNDA:0,(anonymous_20)
FNDA:0,(anonymous_21)
FNDA:0,(anonymous_22)
FNDA:0,(anonymous_23)
FNDA:2,useTransaction
DA:63,1
DA:66,0
DA:67,0
DA:68,0
DA:69,0
DA:70,0
DA:71,0
DA:72,0
DA:77,0
DA:81,0
DA:82,0
DA:84,0
DA:86,0
DA:91,0
DA:93,0
DA:95,0
DA:96,0
DA:97,0
DA:98,0
DA:99,0
DA:100,0
DA:101,0
DA:103,0
DA:105,0
DA:113,0
DA:114,0
DA:121,0
DA:122,0
DA:125,0
DA:126,0
DA:129,0
DA:130,0
DA:133,0
DA:137,0
DA:140,0
DA:141,0
DA:144,0
DA:148,0
DA:151,0
DA:155,0
DA:156,0
DA:160,0
DA:164,0
DA:165,0
DA:167,0
DA:168,0
DA:170,0
DA:171,0
DA:172,0
DA:173,0
DA:175,0
DA:176,0
DA:179,0
DA:188,0
DA:197,0
DA:198,0
DA:202,0
DA:206,0
DA:209,0
DA:210,0
DA:211,0
DA:212,0
DA:214,0
DA:215,0
DA:219,0
DA:220,0
DA:221,0
DA:222,0
DA:226,0
DA:251,2
LF:70
LH:2
BRDA:86,0,0,0
BRDA:86,0,1,0
BRDA:86,0,2,0
BRDA:100,1,0,0
BRDA:100,1,1,0
BRDA:121,2,0,0
BRDA:121,2,1,0
BRDA:125,3,0,0
BRDA:125,3,1,0
BRDA:129,4,0,0
BRDA:129,4,1,0
BRDA:140,5,0,0
BRDA:140,5,1,0
BRDA:172,6,0,0
BRDA:172,6,1,0
BRDA:175,7,0,0
BRDA:175,7,1,0
BRF:17
BRH:0
end_of_record
TN:
SF:src/routes/app.routes.tsx
FN:13,AppRoutes
FN:35,(anonymous_1)
FN:48,(anonymous_2)
FN:57,(anonymous_3)
FNF:4
FNH:0
FNDA:0,AppRoutes
FNDA:0,(anonymous_1)
FNDA:0,(anonymous_2)
FNDA:0,(anonymous_3)
DA:11,0
DA:14,0
DA:16,0
DA:36,0
DA:49,0
DA:58,0
LF:6
LH:0
BRDA:27,0,0,0
BRDA:27,0,1,0
BRF:2
BRH:0
end_of_record
TN:
SF:src/routes/auth.routes.tsx
FN:7,AuthRoutes
FNF:1
FNH:0
FNDA:0,AuthRoutes
DA:5,0
DA:8,0
LF:2
LH:0
BRF:0
BRH:0
end_of_record
TN:
SF:src/routes/index.tsx
FN:16,Routes
FNF:1
FNH:0
FNDA:0,Routes
DA:17,0
DA:19,0
LF:2
LH:0
BRDA:22,0,0,0
BRDA:22,0,1,0
BRF:2
BRH:0
end_of_record
TN:
SF:src/screens/Dashboard/index.tsx
FN:31,Dashboard
FN:38,(anonymous_1)
FN:39,(anonymous_2)
FN:118,(anonymous_3)
FN:119,(anonymous_4)
FNF:5
FNH:0
FNDA:0,Dashboard
FNDA:0,(anonymous_1)
FNDA:0,(anonymous_2)
FNDA:0,(anonymous_3)
FNDA:0,(anonymous_4)
DA:32,0
DA:33,0
DA:35,0
DA:37,0
DA:39,0
DA:40,0
DA:42,0
DA:46,0
DA:118,0
DA:120,0
LF:10
LH:0
BRDA:105,0,0,0
BRDA:105,0,1,0
BRDA:109,1,0,0
BRDA:109,1,1,0
BRF:4
BRH:0
end_of_record
TN:
SF:src/screens/Profile/index.tsx
FN:4,Profile
FN:11,(anonymous_1)
FNF:2
FNH:1
FNDA:3,Profile
FNDA:0,(anonymous_1)
DA:5,3
LF:1
LH:1
BRF:0
BRH:0
end_of_record
TN:
SF:src/screens/RegisterTransaction/index.tsx
FN:45,RegisterTransaction
FN:67,handleTransactionType
FN:71,handleToggleModal
FN:72,(anonymous_3)
FN:77,handleSelectCategory
FN:84,clearForm
FN:93,handleSaveTransaction
FN:131,(anonymous_7)
FN:146,(anonymous_8)
FN:162,(anonymous_9)
FN:169,(anonymous_10)
FN:194,(anonymous_11)
FN:196,(anonymous_12)
FN:200,(anonymous_13)
FNF:14
FNH:7
FNDA:2,RegisterTransaction
FNDA:0,handleTransactionType
FNDA:1,handleToggleModal
FNDA:1,(anonymous_3)
FNDA:0,handleSelectCategory
FNDA:0,clearForm
FNDA:0,handleSaveTransaction
FNDA:2,(anonymous_7)
FNDA:2,(anonymous_8)
FNDA:0,(anonymous_9)
FNDA:0,(anonymous_10)
FNDA:12,(anonymous_11)
FNDA:12,(anonymous_12)
FNDA:0,(anonymous_13)
DA:33,1
DA:46,2
DA:47,2
DA:54,2
DA:58,2
DA:60,2
DA:65,2
DA:68,0
DA:72,1
DA:73,1
DA:78,0
DA:85,0
DA:89,0
DA:90,0
DA:94,0
DA:95,0
DA:98,0
DA:99,0
DA:102,0
DA:111,0
DA:112,0
DA:113,0
DA:116,2
DA:132,2
DA:147,2
DA:162,0
DA:169,0
DA:194,12
DA:197,12
DA:200,0
LF:30
LH:14
BRDA:94,0,0,0
BRDA:94,0,1,0
BRDA:98,1,0,0
BRDA:98,1,1,0
BRDA:138,2,0,2
BRDA:138,2,1,0
BRDA:152,3,0,2
BRDA:152,3,1,0
BRF:8
BRH:2
end_of_record
TN:
SF:src/screens/ResumeTransaction/index.tsx
FN:25,ResumeTransaction
FN:37,(anonymous_1)
FN:38,(anonymous_2)
FN:75,(anonymous_3)
FN:91,(anonymous_4)
FN:92,(anonymous_5)
FNF:6
FNH:0
FNDA:0,ResumeTransaction
FNDA:0,(anonymous_1)
FNDA:0,(anonymous_2)
FNDA:0,(anonymous_3)
FNDA:0,(anonymous_4)
FNDA:0,(anonymous_5)
DA:26,0
DA:34,0
DA:36,0
DA:38,0
DA:39,0
DA:41,0
DA:45,0
DA:75,0
DA:91,0
DA:93,0
LF:10
LH:0
BRDA:64,0,0,0
BRDA:64,0,1,0
BRDA:75,1,0,0
BRDA:75,1,1,0
BRF:4
BRH:0
end_of_record
TN:
SF:src/screens/SignIn/index.tsx
FN:21,SignIn
FN:27,handleSignWithGoogle
FN:37,handleSignWithApple
FN:41,(anonymous_3)
FN:42,(anonymous_4)
FNF:5
FNH:0
FNDA:0,SignIn
FNDA:0,handleSignWithGoogle
FNDA:0,handleSignWithApple
FNDA:0,(anonymous_3)
FNDA:0,(anonymous_4)
DA:22,0
DA:23,0
DA:25,0
DA:28,0
DA:29,0
DA:30,0
DA:31,0
DA:33,0
DA:38,0
DA:41,0
DA:42,0
DA:45,0
LF:12
LH:0
BRDA:62,0,0,0
BRDA:62,0,1,0
BRDA:69,1,0,0
BRDA:69,1,1,0
BRF:4
BRH:0
end_of_record
